<?xml version="1.0" encoding="UTF-8" standalone="yes"?>
<testsuites time="105.864" tests="1" failures="0" errors="1">
    <testsuite name="GraphWalker" tests="1" failures="0" errors="1" time="105.864" timestamp="2025-01-05T21:38:53">
        <properties>
            <property name="classworlds.conf" value="C:\apache-maven-3.9.8\bin\m2.conf"/>
            <property name="env.=C:" value="C:\Users\andre\Documents\GitHub\pilot-appium-graphwalker\appium"/>
            <property name="env.ALLUSERSPROFILE" value="C:\ProgramData"/>
            <property name="env.ANDROID_HOME" value="C:\Users\andre\AppData\Local\Android\Sdk"/>
            <property name="env.APPDATA" value="C:\Users\andre\AppData\Roaming"/>
            <property name="env.ASL.LOG" value="Destination=file"/>
            <property name="env.CHROME_CRASHPAD_PIPE_NAME" value="\\.\pipe\crashpad_9352_ZXFHBSPNHCBMUSHH"/>
            <property name="env.CLASSWORLDS_JAR" value="&quot;C:\apache-maven-3.9.8\boot\plexus-classworlds-2.8.0.jar&quot;"/>
            <property name="env.CLASSWORLDS_LAUNCHER" value="org.codehaus.plexus.classworlds.launcher.Launcher"/>
            <property name="env.COLORTERM" value="truecolor"/>
            <property name="env.COMMONPROGRAMFILES" value="C:\Program Files\Common Files"/>
            <property name="env.COMMONPROGRAMFILES(X86)" value="C:\Program Files (x86)\Common Files"/>
            <property name="env.COMMONPROGRAMW6432" value="C:\Program Files\Common Files"/>
            <property name="env.COMPUTERNAME" value="ANDRE-NOTEBOOK"/>
            <property name="env.COMSPEC" value="C:\Windows\system32\cmd.exe"/>
            <property name="env.DRIVERDATA" value="C:\Windows\System32\Drivers\DriverData"/>
            <property name="env.ERROR_CODE" value="0"/>
            <property name="env.EXEC_DIR" value="C:\Users\andre\Documents\GitHub\pilot-appium-graphwalker\appium"/>
            <property name="env.FPS_BROWSER_APP_PROFILE_STRING" value="Internet Explorer"/>
            <property name="env.FPS_BROWSER_USER_PROFILE_STRING" value="Default"/>
            <property name="env.GIT_ASKPASS" value="c:\Program Files\Microsoft VS Code\resources\app\extensions\git\dist\askpass.sh"/>
            <property name="env.HOMEDRIVE" value="C:"/>
            <property name="env.HOMEPATH" value="\Users\andre"/>
            <property name="env.INTELLIJ IDEA COMMUNITY EDITION" value="C:\Program Files\JetBrains\IntelliJ IDEA Community Edition 2024.2.4\bin;"/>
            <property name="env.JAVACMD" value="C:\Program Files\Java\jdk-21\bin\java.exe"/>
            <property name="env.JAVA_HOME" value="C:\Program Files\Java\jdk-21"/>
            <property name="env.JVMCONFIG" value="\.mvn\jvm.config"/>
            <property name="env.LANG" value="en_US.UTF-8"/>
            <property name="env.LOCALAPPDATA" value="C:\Users\andre\AppData\Local"/>
            <property name="env.LOGONSERVER" value="\\ANDRE-NOTEBOOK"/>
            <property name="env.MAVEN_CMD_LINE_ARGS" value="org.graphwalker:graphwalker-maven-plugin:test"/>
            <property name="env.MAVEN_HOME" value="C:\apache-maven-3.9.8"/>
            <property name="env.MAVEN_PROJECTBASEDIR" value="C:\Users\andre\Documents\GitHub\pilot-appium-graphwalker\appium"/>
            <property name="env.NUMBER_OF_PROCESSORS" value="8"/>
            <property name="env.NVM_HOME" value="C:\Users\andre\AppData\Roaming\nvm"/>
            <property name="env.NVM_SYMLINK" value="C:\Program Files\nodejs"/>
            <property name="env.ONEDRIVE" value="C:\Users\andre\OneDrive"/>
            <property name="env.ONEDRIVECONSUMER" value="C:\Users\andre\OneDrive"/>
            <property name="env.ORIGINAL_XDG_CURRENT_DESKTOP" value="undefined"/>
            <property name="env.OS" value="Windows_NT"/>
            <property name="env.PATH" value="C:\Program Files\Common Files\Oracle\Java\javapath;C:\Program Files (x86)\Common Files\Oracle\Java\java8path;C:\Program Files (x86)\Common Files\Oracle\Java\javapath;C:\Windows\system32;C:\Windows;C:\Windows\System32\Wbem;C:\Windows\System32\WindowsPowerShell\v1.0\;C:\Windows\System32\OpenSSH\;C:\Program Files\Git\cmd;C:\Users\andre\AppData\Local\Microsoft\WindowsApps;C:\Users\andre\AppData\Local\GitHubDesktop\bin;C:\Users\andre\AppData\Local\atom\bin;C:\Program Files\Microsoft VS Code\bin;C:\adb;C:\Program Files (x86)\WinMerge;C:\Program Files\dotnet\;C:\apache-maven-3.9.8\bin;C:\Users\andre\AppData\Roaming\nvm;C:\Program Files\nodejs;C:\Program Files\Java\jdk-21\bin;C:\apache-maven-3.9.8\bin;C:\Program Files\Calibre2\;C:\Users\andre\AppData\Local\Programs\Python\Python312\Scripts\;C:\Users\andre\AppData\Local\Programs\Python\Python312\;C:\Users\andre\AppData\Local\Programs\Python\Python37\Scripts\;C:\Users\andre\AppData\Local\Programs\Python\Python37\;C:\Users\andre\AppData\Local\Microsoft\WindowsApps;C:\Users\andre\AppData\Local\atom\bin;C:\Program Files\Microsoft VS Code\bin;C:\Users\andre\AppData\Local\Microsoft\WinGet\Packages\Schniz.fnm_Microsoft.Winget.Source_8wekyb3d8bbwe;C:\Users\andre\AppData\Roaming\nvm;C:\Program Files\nodejs;C:\Program Files\JetBrains\IntelliJ IDEA Community Edition 2024.2.4\bin;"/>
            <property name="env.PATHEXT" value=".COM;.EXE;.BAT;.CMD;.VBS;.VBE;.JS;.JSE;.WSF;.WSH;.MSC;.CPL"/>
            <property name="env.PROCESSOR_ARCHITECTURE" value="AMD64"/>
            <property name="env.PROCESSOR_IDENTIFIER" value="AMD64 Family 23 Model 24 Stepping 1, AuthenticAMD"/>
            <property name="env.PROCESSOR_LEVEL" value="23"/>
            <property name="env.PROCESSOR_REVISION" value="1801"/>
            <property name="env.PROGRAMDATA" value="C:\ProgramData"/>
            <property name="env.PROGRAMFILES" value="C:\Program Files"/>
            <property name="env.PROGRAMFILES(X86)" value="C:\Program Files (x86)"/>
            <property name="env.PROGRAMW6432" value="C:\Program Files"/>
            <property name="env.PROMPT" value="$P$G"/>
            <property name="env.PSMODULEPATH" value="C:\Users\andre\Documents\WindowsPowerShell\Modules;C:\Program Files\WindowsPowerShell\Modules;C:\Windows\system32\WindowsPowerShell\v1.0\Modules"/>
            <property name="env.PUBLIC" value="C:\Users\Public"/>
            <property name="env.SESSIONNAME" value="Console"/>
            <property name="env.SYSTEMDRIVE" value="C:"/>
            <property name="env.SYSTEMROOT" value="C:\Windows"/>
            <property name="env.TEMP" value="C:\Users\andre\AppData\Local\Temp"/>
            <property name="env.TERM_PROGRAM" value="vscode"/>
            <property name="env.TERM_PROGRAM_VERSION" value="1.96.2"/>
            <property name="env.TMP" value="C:\Users\andre\AppData\Local\Temp"/>
            <property name="env.USERDOMAIN" value="ANDRE-NOTEBOOK"/>
            <property name="env.USERDOMAIN_ROAMINGPROFILE" value="ANDRE-NOTEBOOK"/>
            <property name="env.USERNAME" value="andre"/>
            <property name="env.USERPROFILE" value="C:\Users\andre"/>
            <property name="env.VBOX_HWVIRTEX_IGNORE_SVM_IN_USE" value="1"/>
            <property name="env.VSCODE_GIT_ASKPASS_EXTRA_ARGS" value=""/>
            <property name="env.VSCODE_GIT_ASKPASS_MAIN" value="c:\Program Files\Microsoft VS Code\resources\app\extensions\git\dist\askpass-main.js"/>
            <property name="env.VSCODE_GIT_ASKPASS_NODE" value="C:\Program Files\Microsoft VS Code\Code.exe"/>
            <property name="env.VSCODE_GIT_IPC_HANDLE" value="\\.\pipe\vscode-git-6a174a2366-sock"/>
            <property name="env.VSCODE_INJECTION" value="1"/>
            <property name="env.WDIR" value="C:\"/>
            <property name="env.WINDIR" value="C:\Windows"/>
            <property name="file.encoding" value="UTF-8"/>
            <property name="file.separator" value="\"/>
            <property name="java.class.path" value="C:\apache-maven-3.9.8\boot\plexus-classworlds-2.8.0.jar"/>
            <property name="java.class.version" value="65.0"/>
            <property name="java.home" value="C:\Program Files\Java\jdk-21"/>
            <property name="java.io.tmpdir" value="C:\Users\andre\AppData\Local\Temp\"/>
            <property name="java.library.path" value="C:\Program Files\Java\jdk-21\bin;C:\Windows\Sun\Java\bin;C:\Windows\system32;C:\Windows;C:\Program Files\Common Files\Oracle\Java\javapath;C:\Program Files (x86)\Common Files\Oracle\Java\java8path;C:\Program Files (x86)\Common Files\Oracle\Java\javapath;C:\Windows\system32;C:\Windows;C:\Windows\System32\Wbem;C:\Windows\System32\WindowsPowerShell\v1.0\;C:\Windows\System32\OpenSSH\;C:\Program Files\Git\cmd;C:\Users\andre\AppData\Local\Microsoft\WindowsApps;C:\Users\andre\AppData\Local\GitHubDesktop\bin;C:\Users\andre\AppData\Local\atom\bin;C:\Program Files\Microsoft VS Code\bin;C:\adb;C:\Program Files (x86)\WinMerge;C:\Program Files\dotnet\;C:\apache-maven-3.9.8\bin;C:\Users\andre\AppData\Roaming\nvm;C:\Program Files\nodejs;C:\Program Files\Java\jdk-21\bin;C:\apache-maven-3.9.8\bin;C:\Program Files\Calibre2\;C:\Users\andre\AppData\Local\Programs\Python\Python312\Scripts\;C:\Users\andre\AppData\Local\Programs\Python\Python312\;C:\Users\andre\AppData\Local\Programs\Python\Python37\Scripts\;C:\Users\andre\AppData\Local\Programs\Python\Python37\;C:\Users\andre\AppData\Local\Microsoft\WindowsApps;C:\Users\andre\AppData\Local\atom\bin;C:\Program Files\Microsoft VS Code\bin;C:\Users\andre\AppData\Local\Microsoft\WinGet\Packages\Schniz.fnm_Microsoft.Winget.Source_8wekyb3d8bbwe;C:\Users\andre\AppData\Roaming\nvm;C:\Program Files\nodejs;C:\Program Files\JetBrains\IntelliJ IDEA Community Edition 2024.2.4\bin;;."/>
            <property name="java.runtime.name" value="Java(TM) SE Runtime Environment"/>
            <property name="java.runtime.version" value="21.0.4+8-LTS-274"/>
            <property name="java.specification.name" value="Java Platform API Specification"/>
            <property name="java.specification.vendor" value="Oracle Corporation"/>
            <property name="java.specification.version" value="21"/>
            <property name="java.vendor" value="Oracle Corporation"/>
            <property name="java.vendor.url" value="https://java.oracle.com/"/>
            <property name="java.vendor.url.bug" value="https://bugreport.java.com/bugreport/"/>
            <property name="java.version" value="21.0.4"/>
            <property name="java.version.date" value="2024-07-16"/>
            <property name="java.vm.compressedOopsMode" value="32-bit"/>
            <property name="java.vm.info" value="mixed mode, sharing"/>
            <property name="java.vm.name" value="Java HotSpot(TM) 64-Bit Server VM"/>
            <property name="java.vm.specification.name" value="Java Virtual Machine Specification"/>
            <property name="java.vm.specification.vendor" value="Oracle Corporation"/>
            <property name="java.vm.specification.version" value="21"/>
            <property name="java.vm.vendor" value="Oracle Corporation"/>
            <property name="java.vm.version" value="21.0.4+8-LTS-274"/>
            <property name="jdk.debug" value="release"/>
            <property name="library.jansi.path" value="C:\apache-maven-3.9.8\lib\jansi-native"/>
            <property name="line.separator" value="&#13;&#10;"/>
            <property name="maven.build.version" value="Apache Maven 3.9.8 (36645f6c9b5079805ea5009217e36f2cffd34256)"/>
            <property name="maven.conf" value="C:\apache-maven-3.9.8/conf"/>
            <property name="maven.home" value="C:\apache-maven-3.9.8"/>
            <property name="maven.multiModuleProjectDirectory" value="C:\Users\andre\Documents\GitHub\pilot-appium-graphwalker\appium"/>
            <property name="maven.version" value="3.9.8"/>
            <property name="native.encoding" value="Cp1252"/>
            <property name="os.arch" value="amd64"/>
            <property name="os.name" value="Windows 10"/>
            <property name="os.version" value="10.0"/>
            <property name="path.separator" value=";"/>
            <property name="stderr.encoding" value="cp850"/>
            <property name="stdout.encoding" value="cp850"/>
            <property name="sun.arch.data.model" value="64"/>
            <property name="sun.boot.library.path" value="C:\Program Files\Java\jdk-21\bin"/>
            <property name="sun.cpu.endian" value="little"/>
            <property name="sun.cpu.isalist" value="amd64"/>
            <property name="sun.io.unicode.encoding" value="UnicodeLittle"/>
            <property name="sun.java.command" value="org.codehaus.plexus.classworlds.launcher.Launcher org.graphwalker:graphwalker-maven-plugin:test"/>
            <property name="sun.java.launcher" value="SUN_STANDARD"/>
            <property name="sun.jnu.encoding" value="Cp1252"/>
            <property name="sun.management.compiler" value="HotSpot 64-Bit Tiered Compilers"/>
            <property name="sun.os.patch.level" value=""/>
            <property name="user.country" value="BR"/>
            <property name="user.dir" value="C:\Users\andre\Documents\GitHub\pilot-appium-graphwalker\appium"/>
            <property name="user.home" value="C:\Users\andre"/>
            <property name="user.language" value="pt"/>
            <property name="user.name" value="andre"/>
            <property name="user.script" value=""/>
            <property name="user.variant" value=""/>
        </properties>
        <testcase name="MainTest" time="105.864" classname="com.example.MainTest">
            <error type="org.openqa.selenium.NoSuchElementException" message="An element could not be located on the page using the given search parameters.&#10;For documentation on this error, please visit: https://www.selenium.dev/documentation/webdriver/troubleshooting/errors#no-such-element-exception&#10;Build info: version: '4.25.0', revision: '8a8aea2337'&#10;System info: os.name: 'Windows 10', os.arch: 'amd64', os.version: '10.0', java.version: '21.0.4'&#10;Driver info: io.appium.java_client.android.AndroidDriver&#10;Command: [24f9ef31-9732-440f-890d-42540d0c84c2, findElement {using=xpath, value=//android.widget.TextView[@text=&quot;Notepad&quot;]}]&#10;Capabilities {appium:app: Documents/GitHub/pilot-appi..., appium:appActivity: com.farmerbb.notepad.androi..., appium:appPackage: com.farmerbb.notepad, appium:automationName: uiautomator2, appium:databaseEnabled: false, appium:desired: {app: Documents/GitHub/pilot-appi..., appActivity: com.farmerbb.notepad.androi..., appPackage: com.farmerbb.notepad, automationName: uiautomator2, deviceName: moto g(20), noReset: false, platformName: ANDROID, platformVersion: 11, udid: 0076732961}, appium:deviceApiLevel: 30, appium:deviceManufacturer: motorola, appium:deviceModel: moto g(20), appium:deviceName: 0076732961, appium:deviceScreenDensity: 280, appium:deviceScreenSize: 720x1600, appium:deviceUDID: 0076732961, appium:javascriptEnabled: true, appium:locationContextEnabled: false, appium:networkConnectionEnabled: true, appium:noReset: false, appium:pixelRatio: 1.75, appium:platformVersion: 11, appium:statBarHeight: 50, appium:takesScreenshot: true, appium:udid: 0076732961, appium:viewportRect: {height: 1550, left: 0, top: 50, width: 720}, appium:warnings: {}, appium:webStorageEnabled: false, platformName: ANDROID}&#10;Session ID: 24f9ef31-9732-440f-890d-42540d0c84c2">
                org.openqa.selenium.NoSuchElementException: An element could not be located on the page using the given search parameters.
                For documentation on this error, please visit: https://www.selenium.dev/documentation/webdriver/troubleshooting/errors#no-such-element-exception
                Build info: version: '4.25.0', revision: '8a8aea2337'
                System info: os.name: 'Windows 10', os.arch: 'amd64', os.version: '10.0', java.version: '21.0.4'
                Driver info: io.appium.java_client.android.AndroidDriver
                Command: [24f9ef31-9732-440f-890d-42540d0c84c2, findElement {using=xpath, value=//android.widget.TextView[@text="Notepad"]}]
                Capabilities {appium:app: Documents/GitHub/pilot-appi..., appium:appActivity: com.farmerbb.notepad.androi..., appium:appPackage: com.farmerbb.notepad, appium:automationName: uiautomator2, appium:databaseEnabled: false, appium:desired: {app: Documents/GitHub/pilot-appi..., appActivity: com.farmerbb.notepad.androi..., appPackage: com.farmerbb.notepad, automationName: uiautomator2, deviceName: moto g(20), noReset: false, platformName: ANDROID, platformVersion: 11, udid: 0076732961}, appium:deviceApiLevel: 30, appium:deviceManufacturer: motorola, appium:deviceModel: moto g(20), appium:deviceName: 0076732961, appium:deviceScreenDensity: 280, appium:deviceScreenSize: 720x1600, appium:deviceUDID: 0076732961, appium:javascriptEnabled: true, appium:locationContextEnabled: false, appium:networkConnectionEnabled: true, appium:noReset: false, appium:pixelRatio: 1.75, appium:platformVersion: 11, appium:statBarHeight: 50, appium:takesScreenshot: true, appium:udid: 0076732961, appium:viewportRect: {height: 1550, left: 0, top: 50, width: 720}, appium:warnings: {}, appium:webStorageEnabled: false, platformName: ANDROID}
                Session ID: 24f9ef31-9732-440f-890d-42540d0c84c2&#13;
                	at java.base/jdk.internal.reflect.DirectConstructorHandleAccessor.newInstance(DirectConstructorHandleAccessor.java:62)&#13;
                	at java.base/java.lang.reflect.Constructor.newInstanceWithCaller(Constructor.java:502)&#13;
                	at java.base/java.lang.reflect.Constructor.newInstance(Constructor.java:486)&#13;
                	at org.openqa.selenium.remote.ErrorCodec.decode(ErrorCodec.java:167)&#13;
                	at org.openqa.selenium.remote.codec.w3c.W3CHttpResponseCodec.decode(W3CHttpResponseCodec.java:138)&#13;
                	at org.openqa.selenium.remote.codec.w3c.W3CHttpResponseCodec.decode(W3CHttpResponseCodec.java:50)&#13;
                	at org.openqa.selenium.remote.HttpCommandExecutor.execute(HttpCommandExecutor.java:190)&#13;
                	at io.appium.java_client.remote.AppiumCommandExecutor.execute(AppiumCommandExecutor.java:237)&#13;
                	at org.openqa.selenium.remote.RemoteWebDriver.execute(RemoteWebDriver.java:545)&#13;
                	at org.openqa.selenium.remote.ElementLocation$ElementFinder$2.findElement(ElementLocation.java:165)&#13;
                	at org.openqa.selenium.remote.ElementLocation.findElement(ElementLocation.java:59)&#13;
                	at org.openqa.selenium.remote.RemoteWebDriver.findElement(RemoteWebDriver.java:368)&#13;
                	at org.openqa.selenium.remote.RemoteWebDriver.findElement(RemoteWebDriver.java:362)&#13;
                	at com.example.po.OpenPage.&lt;init&gt;(OpenPage.java:24)&#13;
                	at com.example.MainTest.e_GoBackFromCreation(MainTest.java:112)&#13;
                	at java.base/jdk.internal.reflect.DirectMethodHandleAccessor.invoke(DirectMethodHandleAccessor.java:103)&#13;
                	at java.base/java.lang.reflect.Method.invoke(Method.java:580)&#13;
                	at org.graphwalker.core.machine.ExecutionContext.execute(ExecutionContext.java:277)&#13;
                	at org.graphwalker.core.machine.SimpleMachine.execute(SimpleMachine.java:283)&#13;
                	at org.graphwalker.core.machine.SimpleMachine.getNextStep(SimpleMachine.java:106)&#13;
                	at org.graphwalker.java.test.TestExecutor.execute(TestExecutor.java:241)&#13;
                	at java.base/jdk.internal.reflect.DirectMethodHandleAccessor.invoke(DirectMethodHandleAccessor.java:103)&#13;
                	at java.base/java.lang.reflect.Method.invoke(Method.java:580)&#13;
                	at org.graphwalker.java.test.Reflections.invoke(Reflections.java:74)&#13;
                	at org.graphwalker.java.test.Reflector.execute(Reflector.java:123)&#13;
                	at org.graphwalker.maven.plugin.TestMojo.execute(TestMojo.java:154)&#13;
                	at org.apache.maven.plugin.DefaultBuildPluginManager.executeMojo(DefaultBuildPluginManager.java:126)&#13;
                	at org.apache.maven.lifecycle.internal.MojoExecutor.doExecute2(MojoExecutor.java:328)&#13;
                	at org.apache.maven.lifecycle.internal.MojoExecutor.doExecute(MojoExecutor.java:316)&#13;
                	at org.apache.maven.lifecycle.internal.MojoExecutor.execute(MojoExecutor.java:212)&#13;
                	at org.apache.maven.lifecycle.internal.MojoExecutor.execute(MojoExecutor.java:174)&#13;
                	at org.apache.maven.lifecycle.internal.MojoExecutor.access$000(MojoExecutor.java:75)&#13;
                	at org.apache.maven.lifecycle.internal.MojoExecutor$1.run(MojoExecutor.java:162)&#13;
                	at org.apache.maven.plugin.DefaultMojosExecutionStrategy.execute(DefaultMojosExecutionStrategy.java:39)&#13;
                	at org.apache.maven.lifecycle.internal.MojoExecutor.execute(MojoExecutor.java:159)&#13;
                	at org.apache.maven.lifecycle.internal.LifecycleModuleBuilder.buildProject(LifecycleModuleBuilder.java:105)&#13;
                	at org.apache.maven.lifecycle.internal.LifecycleModuleBuilder.buildProject(LifecycleModuleBuilder.java:73)&#13;
                	at org.apache.maven.lifecycle.internal.builder.singlethreaded.SingleThreadedBuilder.build(SingleThreadedBuilder.java:53)&#13;
                	at org.apache.maven.lifecycle.internal.LifecycleStarter.execute(LifecycleStarter.java:118)&#13;
                	at org.apache.maven.DefaultMaven.doExecute(DefaultMaven.java:261)&#13;
                	at org.apache.maven.DefaultMaven.doExecute(DefaultMaven.java:173)&#13;
                	at org.apache.maven.DefaultMaven.execute(DefaultMaven.java:101)&#13;
                	at org.apache.maven.cli.MavenCli.execute(MavenCli.java:903)&#13;
                	at org.apache.maven.cli.MavenCli.doMain(MavenCli.java:280)&#13;
                	at org.apache.maven.cli.MavenCli.main(MavenCli.java:203)&#13;
                	at java.base/jdk.internal.reflect.DirectMethodHandleAccessor.invoke(DirectMethodHandleAccessor.java:103)&#13;
                	at java.base/java.lang.reflect.Method.invoke(Method.java:580)&#13;
                	at org.codehaus.plexus.classworlds.launcher.Launcher.launchEnhanced(Launcher.java:255)&#13;
                	at org.codehaus.plexus.classworlds.launcher.Launcher.launch(Launcher.java:201)&#13;
                	at org.codehaus.plexus.classworlds.launcher.Launcher.mainWithExitCode(Launcher.java:361)&#13;
                	at org.codehaus.plexus.classworlds.launcher.Launcher.main(Launcher.java:314)&#13;
</error>
        </testcase>
    </testsuite>
</testsuites>
